-------------------------------------------------------------------------------
Test set: inventory.service.InventoryServiceRepositoryIntegrationTest
-------------------------------------------------------------------------------
Tests run: 2, Failures: 0, Errors: 2, Skipped: 0, Time elapsed: 0.001 s <<< FAILURE! - in inventory.service.InventoryServiceRepositoryIntegrationTest
testGetAllParts  Time elapsed: 0 s  <<< ERROR!
java.lang.reflect.InaccessibleObjectException: Unable to make inventory.service.InventoryServiceRepositoryIntegrationTest() accessible: module inventory does not "opens inventory.service" to unnamed module @4da4253

testLookupPart  Time elapsed: 0 s  <<< ERROR!
java.lang.reflect.InaccessibleObjectException: Unable to make inventory.service.InventoryServiceRepositoryIntegrationTest() accessible: module inventory does not "opens inventory.service" to unnamed module @4da4253

