<?xml version="1.0" encoding="UTF-8"?>
<testsuite xmlns:xsi="http://www.w3.org/2001/XMLSchema-instance" xsi:noNamespaceSchemaLocation="https://maven.apache.org/surefire/maven-surefire-plugin/xsd/surefire-test-report.xsd" name="inventory.PartUnitTest" time="0" tests="4" errors="0" skipped="0" failures="0">
  <properties>
[...]
</properties>
  <testcase name="testIsValidPart" classname="inventory.PartUnitTest" time="0"/>
  <testcase name="testGetName" classname="inventory.PartUnitTest" time="0"/>
  <testcase name="testGetPartId" classname="inventory.PartUnitTest" time="0"/>
  <testcase name="testValidateName" classname="inventory.PartUnitTest" time="0"/>
</testsuite>